Построение начато 08.11.2023 18:27:20.
     1>Проект "X:\22ВВВ1\laba6\laba6\laba6.vcxproj" в узле 2 (целевые объекты build).
     1>InitializeBuildStatus:
         Создание "Debug\laba6.unsuccessfulbuild", так как было задано "AlwaysCreate".
       ClCompile:
         C:\Program Files (x86)\Microsoft Visual Studio 10.0\VC\bin\CL.exe /c /ZI /nologo /W3 /WX- /Od /Oy- /D _MBCS /Gm /EHsc /RTC1 /MDd /GS /fp:precise /Zc:wchar_t /Zc:forScope /Fo"Debug\\" /Fd"Debug\vc100.pdb" /Gd /TP /analyze- /errorReport:prompt ..\Source.cpp
         Source.cpp
     1>x:\22ввв1\laba6\source.cpp(297): warning C4244: аргумент: преобразование "time_t" в "unsigned int", возможна потеря данных
     1>x:\22ввв1\laba6\source.cpp(300): warning C4101: k: неиспользованная локальная переменная
       Link:
         C:\Program Files (x86)\Microsoft Visual Studio 10.0\VC\bin\link.exe /ERRORREPORT:PROMPT /OUT:"X:\22ВВВ1\laba6\Debug\laba6.exe" /INCREMENTAL:NO /NOLOGO kernel32.lib user32.lib gdi32.lib winspool.lib comdlg32.lib advapi32.lib shell32.lib ole32.lib oleaut32.lib uuid.lib odbc32.lib odbccp32.lib /MANIFEST /ManifestFile:"Debug\laba6.exe.intermediate.manifest" /MANIFESTUAC:"level='asInvoker' uiAccess='false'" /DEBUG /PDB:"X:\22ВВВ1\laba6\Debug\laba6.pdb" /TLBID:1 /DYNAMICBASE /NXCOMPAT /IMPLIB:"X:\22ВВВ1\laba6\Debug\laba6.lib" /MACHINE:X86 Debug\Source.obj
     1>Source.obj : warning LNK4075: не учитывается "/EDITANDCONTINUE" из-за спецификации "/INCREMENTAL:NO"
         laba6.vcxproj -> X:\22ВВВ1\laba6\Debug\laba6.exe
       Manifest:
         C:\Program Files (x86)\Microsoft SDKs\Windows\v7.0A\bin\mt.exe /nologo /verbose /outputresource:"X:\22ВВВ1\laba6\Debug\laba6.exe;#1" /manifest Debug\laba6.exe.intermediate.manifest
       FinalizeBuildStatus:
         Файл "Debug\laba6.unsuccessfulbuild" удаляется.
         Обращение к "Debug\laba6.lastbuildstate".
     1>Построение проекта "X:\22ВВВ1\laba6\laba6\laba6.vcxproj" завершено (целевые объекты build).

Построение успешно завершено.

Затраченное время: 00:00:01.49
